This is pdfTeX, Version 3.141592653-2.6-1.40.25 (MiKTeX 23.4) (preloaded format=pdflatex 2023.9.4)  22 SEP 2023 19:28
entering extended mode
 restricted \write18 enabled.
 %&-line parsing enabled.
**./trial.tex
(trial.tex
LaTeX2e <2022-11-01> patch level 1
L3 programming layer <2023-03-30>)
! Emergency stop.
<*> ./trial.tex
               
*** (job aborted, no legal \end found)

 
Here is how much of TeX's memory you used:
 18 strings out of 476331
 436 string characters out of 5786822
 1849660 words of memory out of 5000000
 20557 multiletter control sequences out of 15000+600000
 512287 words of font info for 32 fonts, out of 8000000 for 9000
 1141 hyphenation exceptions out of 8191
 13i,0n,12p,59b,10s stack positions out of 10000i,1000n,20000p,200000b,200000s
!  ==> Fatal error occurred, no output PDF file produced!
